Obtaining JSON from switch...
Done
Control utility for runtime P4 table manipulation
RuntimeCmd: Adding entry to lpm match table l3_forward.ipv4_lpm
match key:           LPM-0a:00:01:01/32
action:              ipv4_forward
runtime data:        00:00:0a:00:01:01	00:01
Entry has been added with handle 0
RuntimeCmd: Adding entry to lpm match table l3_forward.ipv4_lpm
match key:           LPM-0a:00:03:02/32
action:              ipv4_forward
runtime data:        00:00:00:00:00:00	00:02
Entry has been added with handle 1
RuntimeCmd: Adding entry to exact match table process_int_source_sink.tb_set_source
match key:           EXACT-00:01
action:              int_set_source
runtime data:        
Entry has been added with handle 0
RuntimeCmd: Adding entry to ternary match table process_int_source.tb_int_source
match key:           TERNARY-0a:00:01:01 &&& ff:ff:ff:ff	TERNARY-0a:00:03:02 &&& ff:ff:ff:ff	TERNARY-00:00 &&& 00:00	TERNARY-00:00 &&& 00:00
action:              int_source
runtime data:        0b	0a	0f	0f
Entry has been added with handle 0
RuntimeCmd: Setting default action of process_int_transit.tb_int_insert
action:              init_metadata
runtime data:        00:00:00:01
RuntimeCmd: 
